2025-08-09 14:11:53,087 - INFO - [MainThread] - Found credentials in shared credentials file: ~/.aws/credentials
2025-08-09 14:11:53,260 - INFO - [MainThread] - Initialized EC2 metrics monitoring for instance: i-0a0b42ed7dc22bbef
2025-08-09 14:11:53,261 - INFO - [MetricsLogger] - Starting metrics collection loop
2025-08-09 14:11:53,261 - INFO - [MainThread] - Metrics logging started
2025-08-09 14:11:58,437 - INFO - [MetricsLogger] - METRICS: {"cpu_usage": 0, "memory_usage": 0.9, "network_traffic": 0.0, "power_consumption": 20.0, "num_executed_instructions": 0, "execution_time": 0.31, "energy_efficiency": 0.0225, "task_type": "io", "task_priority": "low"}
2025-08-09 14:12:06,828 - INFO - [MetricsLogger] - METRICS: {"cpu_usage": 0, "memory_usage": -6.7, "network_traffic": 0.0, "power_consumption": 20.0, "num_executed_instructions": 0, "execution_time": 0.26, "energy_efficiency": -0.1675, "task_type": "compute", "task_priority": "low"}
2025-08-09 14:12:16,867 - INFO - [MetricsLogger] - METRICS: {"cpu_usage": 0, "memory_usage": 1.9, "network_traffic": 0.0, "power_consumption": 20.0, "num_executed_instructions": 0, "execution_time": 0.31, "energy_efficiency": 0.0475, "task_type": "io", "task_priority": "low"}
2025-08-09 14:12:24,972 - INFO - [MainThread] - Found credentials in shared credentials file: ~/.aws/credentials
2025-08-09 14:12:25,130 - INFO - [MainThread] - Initialized EC2 metrics monitoring for instance: i-0a0b42ed7dc22bbef
2025-08-09 14:12:25,130 - INFO - [MetricsLogger] - Starting metrics collection loop
2025-08-09 14:12:25,130 - INFO - [MainThread] - Metrics logging started
2025-08-09 14:12:29,153 - INFO - [MetricsLogger] - METRICS: {"cpu_usage": 0, "memory_usage": -1.6, "network_traffic": 0.0, "power_consumption": 20.0, "num_executed_instructions": 0, "execution_time": 0.29, "energy_efficiency": -0.04, "task_type": "compute", "task_priority": "low"}
2025-08-09 14:12:37,893 - INFO - [MetricsLogger] - METRICS: {"cpu_usage": 0.4, "memory_usage": 4.8, "network_traffic": 0.0, "power_consumption": 20.0, "num_executed_instructions": 24000000, "execution_time": 0.33, "energy_efficiency": 0.13, "task_type": "io", "task_priority": "low"}
2025-08-09 14:12:48,404 - INFO - [MetricsLogger] - METRICS: {"cpu_usage": 0.4, "memory_usage": 2.9, "network_traffic": 0.0, "power_consumption": 20.0, "num_executed_instructions": 24000000, "execution_time": 0.32, "energy_efficiency": 0.0825, "task_type": "io", "task_priority": "low"}
2025-08-09 14:12:58,337 - INFO - [MetricsLogger] - METRICS: {"cpu_usage": 0.4, "memory_usage": -2.1, "network_traffic": 0.0, "power_consumption": 20.0, "num_executed_instructions": 24000000, "execution_time": 0.29, "energy_efficiency": -0.0425, "task_type": "compute", "task_priority": "low"}
2025-08-09 14:13:08,136 - INFO - [MetricsLogger] - METRICS: {"cpu_usage": 0.4, "memory_usage": 5.4, "network_traffic": 0.0, "power_consumption": 20.0, "num_executed_instructions": 24000000, "execution_time": 0.34, "energy_efficiency": 0.145, "task_type": "io", "task_priority": "low"}
2025-08-09 14:13:17,663 - INFO - [MetricsLogger] - METRICS: {"cpu_usage": 0.4, "memory_usage": 8.9, "network_traffic": 0.0, "power_consumption": 20.0, "num_executed_instructions": 24000000, "execution_time": 0.36, "energy_efficiency": 0.2325, "task_type": "io", "task_priority": "low"}
2025-08-09 14:13:28,379 - INFO - [MetricsLogger] - METRICS: {"cpu_usage": 0.4, "memory_usage": -11.3, "network_traffic": 0.0, "power_consumption": 20.0, "num_executed_instructions": 24000000, "execution_time": 0.23, "energy_efficiency": -0.2725, "task_type": "compute", "task_priority": "low"}
2025-08-09 16:36:46,710 - INFO - [MainThread] - Found credentials in shared credentials file: ~/.aws/credentials
2025-08-09 16:36:46,869 - INFO - [MainThread] - Initialized EC2 Predictive Auto Scaler for instance: i-0a0b42ed7dc22bbef
2025-08-09 16:36:46,870 - INFO - [MetricsLogger] - Starting metrics collection loop
2025-08-09 16:36:46,870 - INFO - [MainThread] - Metrics logging started
2025-08-09 16:38:00,878 - INFO - [MainThread] - Found credentials in shared credentials file: ~/.aws/credentials
2025-08-09 16:38:01,026 - INFO - [MainThread] - Initialized EC2 Predictive Auto Scaler for instance: i-0a0b42ed7dc22bbef
2025-08-09 16:38:01,026 - INFO - [MetricsLogger] - Starting metrics collection loop
2025-08-09 16:38:01,026 - INFO - [MainThread] - Metrics logging started
2025-08-09 16:38:16,672 - INFO - [MainThread] - Found credentials in shared credentials file: ~/.aws/credentials
2025-08-09 16:38:16,817 - INFO - [MainThread] - Initialized EC2 Predictive Auto Scaler for instance: i-0a0b42ed7dc22bbef
2025-08-09 16:38:16,818 - INFO - [MetricsLogger] - Starting metrics collection loop
2025-08-09 16:38:16,818 - INFO - [MainThread] - Metrics logging started
2025-08-09 16:38:20,356 - INFO - [MetricsLogger] - METRICS: {"cpu_usage": 0.2, "memory_usage": 0.2, "network_traffic": 0.0, "power_consumption": 20.0, "num_executed_instructions": 12000000, "execution_time": 0.3, "energy_efficiency": 0.01, "task_type": "compute", "task_priority": "low"}
2025-08-09 16:38:20,356 - INFO - [MetricsLogger] - 🔮 Calling prediction API with features: [0.2, 0.2, 0.0, 20.0, 12000000, 0.3, 0.01, 'compute', 'low']
2025-08-09 16:38:20,361 - ERROR - [MetricsLogger] - 🔌 Failed to call prediction API: HTTPConnectionPool(host='localhost', port=8000): Max retries exceeded with url: /predict (Caused by NewConnectionError('<urllib3.connection.HTTPConnection object at 0x733197793130>: Failed to establish a new connection: [Errno 111] Connection refused'))
2025-08-09 16:38:24,472 - INFO - [MainThread] - Found credentials in shared credentials file: ~/.aws/credentials
2025-08-09 16:38:24,628 - INFO - [MainThread] - Initialized EC2 Predictive Auto Scaler for instance: i-0a0b42ed7dc22bbef
2025-08-09 16:38:24,629 - INFO - [MetricsLogger] - Starting metrics collection loop
2025-08-09 16:38:24,629 - INFO - [MainThread] - Metrics logging started
2025-08-09 16:38:29,971 - INFO - [MetricsLogger] - METRICS: {"cpu_usage": 0.2, "memory_usage": 6.7, "network_traffic": 0.0, "power_consumption": 20.0, "num_executed_instructions": 12000000, "execution_time": 0.35, "energy_efficiency": 0.1725, "task_type": "io", "task_priority": "low"}
2025-08-09 16:38:29,971 - INFO - [MetricsLogger] - 🔮 Calling prediction API with features: [0.2, 6.7, 0.0, 20.0, 12000000, 0.35, 0.1725, 'io', 'low']
2025-08-09 16:38:29,975 - ERROR - [MetricsLogger] - 🔌 Failed to call prediction API: HTTPConnectionPool(host='localhost', port=8000): Max retries exceeded with url: /predict (Caused by NewConnectionError('<urllib3.connection.HTTPConnection object at 0x7085e7c87100>: Failed to establish a new connection: [Errno 111] Connection refused'))
2025-08-09 16:38:37,899 - INFO - [MetricsLogger] - METRICS: {"cpu_usage": 0.3, "memory_usage": -2.4, "network_traffic": 0.0, "power_consumption": 20.0, "num_executed_instructions": 18000000, "execution_time": 0.29, "energy_efficiency": -0.0525, "task_type": "compute", "task_priority": "low"}
2025-08-09 16:38:37,899 - INFO - [MetricsLogger] - 🔮 Calling prediction API with features: [0.3, -2.4, 0.0, 20.0, 18000000, 0.29, -0.0525, 'compute', 'low']
2025-08-09 16:38:37,903 - ERROR - [MetricsLogger] - 🔌 Failed to call prediction API: HTTPConnectionPool(host='localhost', port=8000): Max retries exceeded with url: /predict (Caused by NewConnectionError('<urllib3.connection.HTTPConnection object at 0x7085e7b01c00>: Failed to establish a new connection: [Errno 111] Connection refused'))
2025-08-09 17:08:50,175 - INFO - [MainThread] - Found credentials in shared credentials file: ~/.aws/credentials
2025-08-09 17:08:51,463 - ERROR - [MainThread] - Error getting ASG configuration: ASG your-asg-name not found
